{
  "stats": {
    "suites": 10,
    "tests": 20,
    "passes": 18,
    "pending": 0,
    "failures": 2,
    "testsRegistered": 20,
    "passPercent": 90,
    "pendingPercent": 0,
    "other": 0,
    "hasOther": false,
    "skipped": 0,
    "hasSkipped": false,
    "start": "2023-06-07T12:57:00.870Z",
    "end": "2023-06-07T15:15:17.006Z",
    "duration": 8296136
  },
  "results": [
    {
      "uuid": "e6a1aadc-7c73-47c1-b656-e6d34819fe33",
      "title": "",
      "fullFile": "cypress\\e2e\\testSearch.js",
      "file": "cypress\\e2e\\testSearch.js",
      "beforeHooks": [],
      "afterHooks": [],
      "tests": [],
      "suites": [
        {
          "uuid": "9ce8eaee-dbf7-4d06-ae2b-bad09f869f6c",
          "title": "Test search form",
          "fullFile": "",
          "file": "",
          "beforeHooks": [],
          "afterHooks": [],
          "tests": [
            {
              "title": "Should verify search button",
              "fullTitle": "Test search form Should verify search button",
              "timedOut": null,
              "duration": 380,
              "state": "passed",
              "speed": "fast",
              "pass": true,
              "fail": false,
              "pending": false,
              "context": null,
              "code": "_Search.default.verifySearchButton();",
              "err": {},
              "uuid": "f3af767c-03f3-424d-9f9c-d3b0e96628ba",
              "parentUUID": "9ce8eaee-dbf7-4d06-ae2b-bad09f869f6c",
              "isHook": false,
              "skipped": false
            },
            {
              "title": "Should enter query text",
              "fullTitle": "Test search form Should enter query text",
              "timedOut": null,
              "duration": 2318,
              "state": "passed",
              "speed": "fast",
              "pass": true,
              "fail": false,
              "pending": false,
              "context": null,
              "code": "_Search.default.inputSearchQuery(\"pasta\");\n_Search.default.clickSearchButton();",
              "err": {},
              "uuid": "a97ca2ff-7b85-4fd8-8b39-9ce59e00621f",
              "parentUUID": "9ce8eaee-dbf7-4d06-ae2b-bad09f869f6c",
              "isHook": false,
              "skipped": false
            }
          ],
          "suites": [],
          "passes": [
            "f3af767c-03f3-424d-9f9c-d3b0e96628ba",
            "a97ca2ff-7b85-4fd8-8b39-9ce59e00621f"
          ],
          "failures": [],
          "pending": [],
          "skipped": [],
          "duration": 2698,
          "root": false,
          "rootEmpty": false,
          "_timeout": 2000
        }
      ],
      "passes": [],
      "failures": [],
      "pending": [],
      "skipped": [],
      "duration": 0,
      "root": true,
      "rootEmpty": true,
      "_timeout": 2000
    },
    {
      "uuid": "6f7ed3b7-1057-4cfc-8ead-3d31bd96cbca",
      "title": "",
      "fullFile": "cypress\\e2e\\testSearchResults.js",
      "file": "cypress\\e2e\\testSearchResults.js",
      "beforeHooks": [],
      "afterHooks": [],
      "tests": [],
      "suites": [
        {
          "uuid": "ac41d63f-f747-4eb9-a29d-d7dc59719e7f",
          "title": "Test search form and generated recipe previews as search results.",
          "fullFile": "",
          "file": "",
          "beforeHooks": [],
          "afterHooks": [],
          "tests": [
            {
              "title": "Should verify main container",
              "fullTitle": "Test search form and generated recipe previews as search results. Should verify main container",
              "timedOut": null,
              "duration": 974,
              "state": "passed",
              "speed": "fast",
              "pass": true,
              "fail": false,
              "pending": false,
              "context": null,
              "code": "cy.log(\"Verifying main search results container.\");\n_SearchResults.default.verifyMainContainer();",
              "err": {},
              "uuid": "0798657d-0444-4b85-b086-54176ddb63a6",
              "parentUUID": "ac41d63f-f747-4eb9-a29d-d7dc59719e7f",
              "isHook": false,
              "skipped": false
            },
            {
              "title": "Should add random recipe from search results to bookmarks",
              "fullTitle": "Test search form and generated recipe previews as search results. Should add random recipe from search results to bookmarks",
              "timedOut": null,
              "duration": 2656,
              "state": "passed",
              "speed": "fast",
              "pass": true,
              "fail": false,
              "pending": false,
              "context": null,
              "code": "//Using fixture to search for recipes containing the word \"coffee\".\n_Search.default.inputSearchQuery(data.secondSearchQuery);\n_Search.default.clickSearchButton();\n//Load search results.\n_SearchResults.default.getCurrentPageInfo();\n//Using while loop to click on two random results.\nlet i = 0;\nwhile (i < 2) {\n  _SearchResults.default.clickRandomRecipePreview();\n  _Recipe.default.addToBookmarks();\n  i++;\n}\n_Bookmarks.default.verifyBookmarksContainer();\n//Click on each recipe preview in bookmarks list and compare preview title to the title of the active recipe rendered on the page.\n_Bookmarks.default.verifyTitles();\n//To prevent test failure if recipe previews are not rendered on time, this block is added. It will be executed when recipe previews are not rendered.\nCypress.on(\"fail\", (error, runnable) => {\n  if (error.message.includes(\"`.preview`\")) {\n    console.log(\"Bookmarks not loaded!\");\n  }\n  //If there was another reason for test failure, an error is still thrown.\n  else {\n    throw error;\n  }\n});",
              "err": {},
              "uuid": "680d2254-c42b-4865-8ee3-278f29367316",
              "parentUUID": "ac41d63f-f747-4eb9-a29d-d7dc59719e7f",
              "isHook": false,
              "skipped": false
            }
          ],
          "suites": [],
          "passes": [
            "0798657d-0444-4b85-b086-54176ddb63a6",
            "680d2254-c42b-4865-8ee3-278f29367316"
          ],
          "failures": [],
          "pending": [],
          "skipped": [],
          "duration": 3630,
          "root": false,
          "rootEmpty": false,
          "_timeout": 2000
        }
      ],
      "passes": [],
      "failures": [],
      "pending": [],
      "skipped": [],
      "duration": 0,
      "root": true,
      "rootEmpty": true,
      "_timeout": 2000
    },
    {
      "uuid": "1cd298bc-99cf-4e18-9de3-90c0a0df28de",
      "title": "",
      "fullFile": "cypress\\e2e\\testHeader.js",
      "file": "cypress\\e2e\\testHeader.js",
      "beforeHooks": [],
      "afterHooks": [],
      "tests": [],
      "suites": [
        {
          "uuid": "2d1540f6-48b2-4874-b7cd-6f0ad8ea3ea4",
          "title": "Test app header",
          "fullFile": "",
          "file": "",
          "beforeHooks": [],
          "afterHooks": [],
          "tests": [
            {
              "title": "Should verify main header container, app logo and menu elements.",
              "fullTitle": "Test app header Should verify main header container, app logo and menu elements.",
              "timedOut": null,
              "duration": 15092,
              "state": "failed",
              "speed": null,
              "pass": false,
              "fail": true,
              "pending": false,
              "context": null,
              "code": "_Header.default.verifyMainContainer();\n_Header.default.verifyLogo();\n_Header.default.verifyNavItems(data.navItem);",
              "err": {
                "message": "AssertionError: Timed out retrying after 10000ms: Expected to find element: `.header`, but never found it.",
                "estack": "AssertionError: Timed out retrying after 10000ms: Expected to find element: `.header`, but never found it.\n    at Header.getMainContainer (webpack:///./cypress/pages/Header.js:7:18)\n    at Header.verifyMainContainer (webpack:///./cypress/pages/Header.js:37:20)\n    at Context.eval (webpack:///./cypress/e2e/testHeader.js:22:15)",
                "diff": null
              },
              "uuid": "3f268502-08aa-4838-b0bf-cf8f3d25e99e",
              "parentUUID": "2d1540f6-48b2-4874-b7cd-6f0ad8ea3ea4",
              "isHook": false,
              "skipped": false
            },
            {
              "title": "Should click random nav menu element.",
              "fullTitle": "Test app header Should click random nav menu element.",
              "timedOut": null,
              "duration": 8554,
              "state": "failed",
              "speed": null,
              "pass": false,
              "fail": true,
              "pending": false,
              "context": null,
              "code": "_Header.default.clickRandomNavItemElement(data);",
              "err": {
                "message": "AssertionError: Timed out retrying after 5000ms: Expected to find element: `.nav__item`, but never found it.",
                "estack": "AssertionError: Timed out retrying after 5000ms: Expected to find element: `.nav__item`, but never found it.\n    at Header.getNavItemElements (webpack:///./cypress/pages/Header.js:20:18)\n    at Header.clickRandomNavItemElement (webpack:///./cypress/pages/Header.js:64:13)\n    at Context.eval (webpack:///./cypress/e2e/testHeader.js:27:15)",
                "diff": null
              },
              "uuid": "87caae01-ecb1-4a56-88e8-39d9f4826f30",
              "parentUUID": "2d1540f6-48b2-4874-b7cd-6f0ad8ea3ea4",
              "isHook": false,
              "skipped": false
            }
          ],
          "suites": [],
          "passes": [],
          "failures": [
            "3f268502-08aa-4838-b0bf-cf8f3d25e99e",
            "87caae01-ecb1-4a56-88e8-39d9f4826f30"
          ],
          "pending": [],
          "skipped": [],
          "duration": 23646,
          "root": false,
          "rootEmpty": false,
          "_timeout": 2000
        }
      ],
      "passes": [],
      "failures": [],
      "pending": [],
      "skipped": [],
      "duration": 0,
      "root": true,
      "rootEmpty": true,
      "_timeout": 2000
    },
    {
      "uuid": "7aa56a50-d87a-47dd-9493-567433ed5967",
      "title": "",
      "fullFile": "cypress\\e2e\\testHeader.js",
      "file": "cypress\\e2e\\testHeader.js",
      "beforeHooks": [],
      "afterHooks": [],
      "tests": [],
      "suites": [
        {
          "uuid": "d7188134-5e6b-4a9e-bbcc-2664d819c5d7",
          "title": "Test app header",
          "fullFile": "",
          "file": "",
          "beforeHooks": [],
          "afterHooks": [],
          "tests": [
            {
              "title": "Should verify main header container, app logo and menu elements.",
              "fullTitle": "Test app header Should verify main header container, app logo and menu elements.",
              "timedOut": null,
              "duration": 2077,
              "state": "passed",
              "speed": "fast",
              "pass": true,
              "fail": false,
              "pending": false,
              "context": null,
              "code": "_Header.default.verifyMainContainer();\n_Header.default.verifyLogo();\n_Header.default.verifyNavItems(data.navItem);",
              "err": {},
              "uuid": "ca23f0f4-471c-4db6-9164-749b4cc40df6",
              "parentUUID": "d7188134-5e6b-4a9e-bbcc-2664d819c5d7",
              "isHook": false,
              "skipped": false
            },
            {
              "title": "Should click random nav menu element.",
              "fullTitle": "Test app header Should click random nav menu element.",
              "timedOut": null,
              "duration": 2004,
              "state": "passed",
              "speed": "fast",
              "pass": true,
              "fail": false,
              "pending": false,
              "context": null,
              "code": "_Header.default.clickRandomNavItemElement(data);",
              "err": {},
              "uuid": "88d38072-87ae-45d7-b06f-41866d277b7d",
              "parentUUID": "d7188134-5e6b-4a9e-bbcc-2664d819c5d7",
              "isHook": false,
              "skipped": false
            }
          ],
          "suites": [],
          "passes": [
            "ca23f0f4-471c-4db6-9164-749b4cc40df6",
            "88d38072-87ae-45d7-b06f-41866d277b7d"
          ],
          "failures": [],
          "pending": [],
          "skipped": [],
          "duration": 4081,
          "root": false,
          "rootEmpty": false,
          "_timeout": 2000
        }
      ],
      "passes": [],
      "failures": [],
      "pending": [],
      "skipped": [],
      "duration": 0,
      "root": true,
      "rootEmpty": true,
      "_timeout": 2000
    },
    {
      "uuid": "aac203eb-5956-42ea-8a15-ee09af86843a",
      "title": "",
      "fullFile": "cypress\\e2e\\testSearch.js",
      "file": "cypress\\e2e\\testSearch.js",
      "beforeHooks": [],
      "afterHooks": [],
      "tests": [],
      "suites": [
        {
          "uuid": "a7fc5ea2-bae1-470d-92d8-848ab94b2488",
          "title": "Test search form",
          "fullFile": "",
          "file": "",
          "beforeHooks": [],
          "afterHooks": [],
          "tests": [
            {
              "title": "Should verify search button",
              "fullTitle": "Test search form Should verify search button",
              "timedOut": null,
              "duration": 1108,
              "state": "passed",
              "speed": "fast",
              "pass": true,
              "fail": false,
              "pending": false,
              "context": null,
              "code": "_Search.default.verifySearchButton();",
              "err": {},
              "uuid": "765d50df-e83c-436d-96fa-6783875e231d",
              "parentUUID": "a7fc5ea2-bae1-470d-92d8-848ab94b2488",
              "isHook": false,
              "skipped": false
            },
            {
              "title": "Should enter query text",
              "fullTitle": "Test search form Should enter query text",
              "timedOut": null,
              "duration": 3287,
              "state": "passed",
              "speed": "fast",
              "pass": true,
              "fail": false,
              "pending": false,
              "context": null,
              "code": "_Search.default.inputSearchQuery(\"pasta\");\n_Search.default.clickSearchButton();",
              "err": {},
              "uuid": "8d614dc4-5890-4626-bcf2-0872ac05ab50",
              "parentUUID": "a7fc5ea2-bae1-470d-92d8-848ab94b2488",
              "isHook": false,
              "skipped": false
            }
          ],
          "suites": [],
          "passes": [
            "765d50df-e83c-436d-96fa-6783875e231d",
            "8d614dc4-5890-4626-bcf2-0872ac05ab50"
          ],
          "failures": [],
          "pending": [],
          "skipped": [],
          "duration": 4395,
          "root": false,
          "rootEmpty": false,
          "_timeout": 2000
        }
      ],
      "passes": [],
      "failures": [],
      "pending": [],
      "skipped": [],
      "duration": 0,
      "root": true,
      "rootEmpty": true,
      "_timeout": 2000
    },
    {
      "uuid": "1a40c8b2-e701-4756-91df-cc5efbd9a1f7",
      "title": "",
      "fullFile": "cypress\\e2e\\testSearchResults.js",
      "file": "cypress\\e2e\\testSearchResults.js",
      "beforeHooks": [],
      "afterHooks": [],
      "tests": [],
      "suites": [
        {
          "uuid": "6c1fe509-7eb6-47a5-abe3-ca906dd8bbe7",
          "title": "Test search form and generated recipe previews as search results.",
          "fullFile": "",
          "file": "",
          "beforeHooks": [],
          "afterHooks": [],
          "tests": [
            {
              "title": "Should verify main container",
              "fullTitle": "Test search form and generated recipe previews as search results. Should verify main container",
              "timedOut": null,
              "duration": 1081,
              "state": "passed",
              "speed": "fast",
              "pass": true,
              "fail": false,
              "pending": false,
              "context": null,
              "code": "cy.log(\"Verifying main search results container.\");\n_SearchResults.default.verifyMainContainer();",
              "err": {},
              "uuid": "981b2409-c296-43aa-8c8c-f1a3b6031fcb",
              "parentUUID": "6c1fe509-7eb6-47a5-abe3-ca906dd8bbe7",
              "isHook": false,
              "skipped": false
            },
            {
              "title": "Should add random recipe from search results to bookmarks",
              "fullTitle": "Test search form and generated recipe previews as search results. Should add random recipe from search results to bookmarks",
              "timedOut": null,
              "duration": 4281,
              "state": "passed",
              "speed": "fast",
              "pass": true,
              "fail": false,
              "pending": false,
              "context": null,
              "code": "//Using fixture to search for recipes containing the word \"coffee\".\n_Search.default.inputSearchQuery(data.secondSearchQuery);\n_Search.default.clickSearchButton();\n//Load search results.\n_SearchResults.default.getCurrentPageInfo();\n//Using while loop to click on two random results.\nlet i = 0;\nwhile (i < 2) {\n  _SearchResults.default.clickRandomRecipePreview();\n  _Recipe.default.addToBookmarks();\n  i++;\n}\n_Bookmarks.default.verifyBookmarksContainer();\n//Click on each recipe preview in bookmarks list and compare preview title to the title of the active recipe rendered on the page.\n_Bookmarks.default.verifyTitles();\n//To prevent test failure if recipe previews are not rendered on time, this block is added. It will be executed when recipe previews are not rendered.\nCypress.on(\"fail\", (error, runnable) => {\n  if (error.message.includes(\"`.preview`\")) {\n    console.log(\"Bookmarks not loaded!\");\n  }\n  //If there was another reason for test failure, an error is still thrown.\n  else {\n    throw error;\n  }\n});",
              "err": {},
              "uuid": "de8c8dff-5f24-411e-a82a-df4fa119bc9e",
              "parentUUID": "6c1fe509-7eb6-47a5-abe3-ca906dd8bbe7",
              "isHook": false,
              "skipped": false
            }
          ],
          "suites": [],
          "passes": [
            "981b2409-c296-43aa-8c8c-f1a3b6031fcb",
            "de8c8dff-5f24-411e-a82a-df4fa119bc9e"
          ],
          "failures": [],
          "pending": [],
          "skipped": [],
          "duration": 5362,
          "root": false,
          "rootEmpty": false,
          "_timeout": 2000
        }
      ],
      "passes": [],
      "failures": [],
      "pending": [],
      "skipped": [],
      "duration": 0,
      "root": true,
      "rootEmpty": true,
      "_timeout": 2000
    },
    {
      "uuid": "2ca58d3f-82dd-4531-a1c2-509997ec93ea",
      "title": "",
      "fullFile": "cypress\\e2e\\testHeader.js",
      "file": "cypress\\e2e\\testHeader.js",
      "beforeHooks": [],
      "afterHooks": [],
      "tests": [],
      "suites": [
        {
          "uuid": "b463ecd8-54af-4609-96e0-b7188519a908",
          "title": "Test app header",
          "fullFile": "",
          "file": "",
          "beforeHooks": [],
          "afterHooks": [],
          "tests": [
            {
              "title": "Should verify main header container, app logo and menu elements.",
              "fullTitle": "Test app header Should verify main header container, app logo and menu elements.",
              "timedOut": null,
              "duration": 3539,
              "state": "passed",
              "speed": "fast",
              "pass": true,
              "fail": false,
              "pending": false,
              "context": null,
              "code": "_Header.default.verifyMainContainer();\n_Header.default.verifyLogo();\n_Header.default.verifyNavItems(data.navItem);",
              "err": {},
              "uuid": "121f22bd-6c0e-42cd-a221-b1661548eb0b",
              "parentUUID": "b463ecd8-54af-4609-96e0-b7188519a908",
              "isHook": false,
              "skipped": false
            },
            {
              "title": "Should click random nav menu element.",
              "fullTitle": "Test app header Should click random nav menu element.",
              "timedOut": null,
              "duration": 3029,
              "state": "passed",
              "speed": "fast",
              "pass": true,
              "fail": false,
              "pending": false,
              "context": null,
              "code": "_Header.default.clickRandomNavItemElement(data);",
              "err": {},
              "uuid": "78ced9a9-32ce-4912-b698-bcb7c0aa5162",
              "parentUUID": "b463ecd8-54af-4609-96e0-b7188519a908",
              "isHook": false,
              "skipped": false
            }
          ],
          "suites": [],
          "passes": [
            "121f22bd-6c0e-42cd-a221-b1661548eb0b",
            "78ced9a9-32ce-4912-b698-bcb7c0aa5162"
          ],
          "failures": [],
          "pending": [],
          "skipped": [],
          "duration": 6568,
          "root": false,
          "rootEmpty": false,
          "_timeout": 2000
        }
      ],
      "passes": [],
      "failures": [],
      "pending": [],
      "skipped": [],
      "duration": 0,
      "root": true,
      "rootEmpty": true,
      "_timeout": 2000
    },
    {
      "uuid": "4bc3d5a9-1987-4132-b795-e6e34ce12f8d",
      "title": "",
      "fullFile": "cypress\\e2e\\testSearch.js",
      "file": "cypress\\e2e\\testSearch.js",
      "beforeHooks": [],
      "afterHooks": [],
      "tests": [],
      "suites": [
        {
          "uuid": "7e90eab8-76ab-4229-8e0a-050ab80081e1",
          "title": "Test search form",
          "fullFile": "",
          "file": "",
          "beforeHooks": [],
          "afterHooks": [],
          "tests": [
            {
              "title": "Should verify search button",
              "fullTitle": "Test search form Should verify search button",
              "timedOut": null,
              "duration": 1285,
              "state": "passed",
              "speed": "fast",
              "pass": true,
              "fail": false,
              "pending": false,
              "context": null,
              "code": "_Search.default.verifySearchButton();",
              "err": {},
              "uuid": "f35fed51-c8af-4673-af5a-1aa93afc2d9e",
              "parentUUID": "7e90eab8-76ab-4229-8e0a-050ab80081e1",
              "isHook": false,
              "skipped": false
            },
            {
              "title": "Should enter query text",
              "fullTitle": "Test search form Should enter query text",
              "timedOut": null,
              "duration": 3125,
              "state": "passed",
              "speed": "fast",
              "pass": true,
              "fail": false,
              "pending": false,
              "context": null,
              "code": "_Search.default.inputSearchQuery(\"pasta\");\n_Search.default.clickSearchButton();",
              "err": {},
              "uuid": "a4dbb66d-089d-40a2-b253-c6a33da0370d",
              "parentUUID": "7e90eab8-76ab-4229-8e0a-050ab80081e1",
              "isHook": false,
              "skipped": false
            }
          ],
          "suites": [],
          "passes": [
            "f35fed51-c8af-4673-af5a-1aa93afc2d9e",
            "a4dbb66d-089d-40a2-b253-c6a33da0370d"
          ],
          "failures": [],
          "pending": [],
          "skipped": [],
          "duration": 4410,
          "root": false,
          "rootEmpty": false,
          "_timeout": 2000
        }
      ],
      "passes": [],
      "failures": [],
      "pending": [],
      "skipped": [],
      "duration": 0,
      "root": true,
      "rootEmpty": true,
      "_timeout": 2000
    },
    {
      "uuid": "70c01983-b136-421f-aa44-20f3c894bb02",
      "title": "",
      "fullFile": "cypress\\e2e\\testSearchResults.js",
      "file": "cypress\\e2e\\testSearchResults.js",
      "beforeHooks": [],
      "afterHooks": [],
      "tests": [],
      "suites": [
        {
          "uuid": "a3961412-ee5d-4317-b541-ace2543bc56d",
          "title": "Test search form and generated recipe previews as search results.",
          "fullFile": "",
          "file": "",
          "beforeHooks": [],
          "afterHooks": [],
          "tests": [
            {
              "title": "Should verify main container",
              "fullTitle": "Test search form and generated recipe previews as search results. Should verify main container",
              "timedOut": null,
              "duration": 727,
              "state": "passed",
              "speed": "fast",
              "pass": true,
              "fail": false,
              "pending": false,
              "context": null,
              "code": "cy.log(\"Verifying main search results container.\");\n_SearchResults.default.verifyMainContainer();",
              "err": {},
              "uuid": "cbf8cb28-604c-44ab-abf6-5d01304f420e",
              "parentUUID": "a3961412-ee5d-4317-b541-ace2543bc56d",
              "isHook": false,
              "skipped": false
            },
            {
              "title": "Should add random recipe from search results to bookmarks",
              "fullTitle": "Test search form and generated recipe previews as search results. Should add random recipe from search results to bookmarks",
              "timedOut": null,
              "duration": 6068,
              "state": "passed",
              "speed": "medium",
              "pass": true,
              "fail": false,
              "pending": false,
              "context": null,
              "code": "//Using fixture to search for recipes containing the word \"coffee\".\n_Search.default.inputSearchQuery(data.secondSearchQuery);\n_Search.default.clickSearchButton();\n//Load search results.\n_SearchResults.default.getCurrentPageInfo();\n//Using while loop to click on two random results.\nlet i = 0;\nwhile (i < 2) {\n  _SearchResults.default.clickRandomRecipePreview();\n  _Recipe.default.addToBookmarks();\n  i++;\n}\n_Bookmarks.default.verifyBookmarksContainer();\n//Click on each recipe preview in bookmarks list and compare preview title to the title of the active recipe rendered on the page.\n_Bookmarks.default.verifyTitles();\n//To prevent test failure if recipe previews are not rendered on time, this block is added. It will be executed when recipe previews are not rendered.\nCypress.on(\"fail\", (error, runnable) => {\n  if (error.message.includes(\"`.preview`\")) {\n    console.log(\"Bookmarks not loaded!\");\n  }\n  //If there was another reason for test failure, an error is still thrown.\n  else {\n    throw error;\n  }\n});",
              "err": {},
              "uuid": "1009534e-af4b-46c3-8295-27f9bd838ab7",
              "parentUUID": "a3961412-ee5d-4317-b541-ace2543bc56d",
              "isHook": false,
              "skipped": false
            }
          ],
          "suites": [],
          "passes": [
            "cbf8cb28-604c-44ab-abf6-5d01304f420e",
            "1009534e-af4b-46c3-8295-27f9bd838ab7"
          ],
          "failures": [],
          "pending": [],
          "skipped": [],
          "duration": 6795,
          "root": false,
          "rootEmpty": false,
          "_timeout": 2000
        }
      ],
      "passes": [],
      "failures": [],
      "pending": [],
      "skipped": [],
      "duration": 0,
      "root": true,
      "rootEmpty": true,
      "_timeout": 2000
    },
    {
      "uuid": "35d602d4-b600-418a-9161-2da2a0eca7f3",
      "title": "",
      "fullFile": "cypress\\e2e\\testHeader.js",
      "file": "cypress\\e2e\\testHeader.js",
      "beforeHooks": [],
      "afterHooks": [],
      "tests": [],
      "suites": [
        {
          "uuid": "1ffa0f77-1691-4bcd-a18c-de5e0293ad6c",
          "title": "Test app header",
          "fullFile": "",
          "file": "",
          "beforeHooks": [],
          "afterHooks": [],
          "tests": [
            {
              "title": "Should verify main header container, app logo and menu elements.",
              "fullTitle": "Test app header Should verify main header container, app logo and menu elements.",
              "timedOut": null,
              "duration": 1766,
              "state": "passed",
              "speed": "fast",
              "pass": true,
              "fail": false,
              "pending": false,
              "context": null,
              "code": "_Header.default.verifyMainContainer();\n_Header.default.verifyLogo();\n_Header.default.verifyNavItems(data.navItem);",
              "err": {},
              "uuid": "4ea5f400-9852-4efa-b10e-018c85cd421b",
              "parentUUID": "1ffa0f77-1691-4bcd-a18c-de5e0293ad6c",
              "isHook": false,
              "skipped": false
            },
            {
              "title": "Should click random nav menu element.",
              "fullTitle": "Test app header Should click random nav menu element.",
              "timedOut": null,
              "duration": 1193,
              "state": "passed",
              "speed": "fast",
              "pass": true,
              "fail": false,
              "pending": false,
              "context": null,
              "code": "_Header.default.clickRandomNavItemElement(data);",
              "err": {},
              "uuid": "8452f0a2-1156-4f90-9945-ffc345e02274",
              "parentUUID": "1ffa0f77-1691-4bcd-a18c-de5e0293ad6c",
              "isHook": false,
              "skipped": false
            }
          ],
          "suites": [],
          "passes": [
            "4ea5f400-9852-4efa-b10e-018c85cd421b",
            "8452f0a2-1156-4f90-9945-ffc345e02274"
          ],
          "failures": [],
          "pending": [],
          "skipped": [],
          "duration": 2959,
          "root": false,
          "rootEmpty": false,
          "_timeout": 2000
        }
      ],
      "passes": [],
      "failures": [],
      "pending": [],
      "skipped": [],
      "duration": 0,
      "root": true,
      "rootEmpty": true,
      "_timeout": 2000
    }
  ],
  "meta": {
    "mocha": {
      "version": "7.0.1"
    },
    "mochawesome": {
      "options": {
        "quiet": false,
        "reportFilename": "mochawesome",
        "saveHtml": false,
        "saveJson": true,
        "consoleReporter": "spec",
        "useInlineDiffs": false,
        "code": true
      },
      "version": "7.1.3"
    },
    "marge": {
      "options": {
        "id": "default",
        "reportDir": "cypress/results/mochawesome",
        "quite": true,
        "overwrite": false,
        "html": false,
        "json": true
      },
      "version": "6.2.0"
    }
  }
}